<?xml version="1.0" encoding="UTF-8"?>
<!-- Generated by org.testng.reporters.JUnitReportReporter -->
<testsuite skipped="0" hostname="Kwabenas-MacBook-Pro.local" name="com.ford.pom_framework.tests.VerifyAccessoriesSearchResultsTest" tests="1" failures="0" timestamp="13 Dec 2018 15:27:43 GMT" time="20.986" errors="0">
  <testcase name="verifyInteriorSearchResults" time="20.986" classname="com.ford.pom_framework.tests.VerifyAccessoriesSearchResultsTest"/>
</testsuite> <!-- com.ford.pom_framework.tests.VerifyAccessoriesSearchResultsTest -->
