<?xml version="1.0" encoding="UTF-8"?>
<!-- Generated by org.testng.reporters.JUnitReportReporter -->
<testsuite skipped="0" hostname="Kwabenas-MacBook-Pro.local" name="com.ford.pom_framework.tests.VerifyLinksTest" tests="2" failures="0" timestamp="12 Dec 2018 21:01:16 GMT" time="0.140" errors="0">
  <testcase name="verifyBlockContent" time="0.089" classname="com.ford.pom_framework.tests.VerifyLinksTest"/>
  <testcase name="verifyHeaderFooter" time="0.051" classname="com.ford.pom_framework.tests.VerifyLinksTest"/>
</testsuite> <!-- com.ford.pom_framework.tests.VerifyLinksTest -->
